{"C:\\git-clone\\saasbizzgemi\\composables\\useAds.ts": {"path":"C:\\git-clone\\saasbizzgemi\\composables\\useAds.ts","statementMap":{"0":{"start":{"line":6,"column":24},"end":{"line":6,"column":null}},"1":{"start":{"line":9,"column":26},"end":{"line":9,"column":null}},"2":{"start":{"line":22,"column":26},"end":{"line":22,"column":null}},"3":{"start":{"line":22,"column":60},"end":{"line":22,"column":81}},"4":{"start":{"line":25,"column":28},"end":{"line":44,"column":null}},"5":{"start":{"line":27,"column":17},"end":{"line":27,"column":null}},"6":{"start":{"line":28,"column":4},"end":{"line":32,"column":null}},"7":{"start":{"line":29,"column":6},"end":{"line":31,"column":null}},"8":{"start":{"line":30,"column":8},"end":{"line":30,"column":null}},"9":{"start":{"line":32,"column":14},"end":{"line":32,"column":26}},"10":{"start":{"line":34,"column":4},"end":{"line":43,"column":null}},"11":{"start":{"line":47,"column":2},"end":{"line":50,"column":null}},"12":{"start":{"line":48,"column":21},"end":{"line":48,"column":null}},"13":{"start":{"line":49,"column":4},"end":{"line":49,"column":null}},"14":{"start":{"line":52,"column":8},"end":{"line":52,"column":null}},"15":{"start":{"line":53,"column":58},"end":{"line":53,"column":null}},"16":{"start":{"line":56,"column":8},"end":{"line":61,"column":null}},"17":{"start":{"line":57,"column":4},"end":{"line":60,"column":null}},"18":{"start":{"line":64,"column":24},"end":{"line":68,"column":null}},"19":{"start":{"line":65,"column":4},"end":{"line":67,"column":null}},"20":{"start":{"line":66,"column":6},"end":{"line":66,"column":null}},"21":{"start":{"line":71,"column":23},"end":{"line":76,"column":null}},"22":{"start":{"line":72,"column":4},"end":{"line":75,"column":null}},"23":{"start":{"line":73,"column":6},"end":{"line":73,"column":null}},"24":{"start":{"line":74,"column":6},"end":{"line":74,"column":null}},"25":{"start":{"line":78,"column":2},"end":{"line":78,"column":null}},"26":{"start":{"line":79,"column":2},"end":{"line":79,"column":null}},"27":{"start":{"line":81,"column":2},"end":{"line":84,"column":null}}},"fnMap":{"0":{"name":"useAds","decl":{"start":{"line":20,"column":16},"end":{"line":20,"column":25}},"loc":{"start":{"line":20,"column":25},"end":{"line":85,"column":null}},"line":20},"1":{"name":"(anonymous_1)","decl":{"start":{"line":22,"column":55},"end":{"line":22,"column":60}},"loc":{"start":{"line":22,"column":60},"end":{"line":22,"column":81}},"line":22},"2":{"name":"(anonymous_2)","decl":{"start":{"line":25,"column":47},"end":{"line":25,"column":48}},"loc":{"start":{"line":25,"column":63},"end":{"line":44,"column":3}},"line":25},"3":{"name":"(anonymous_3)","decl":{"start":{"line":56,"column":35},"end":{"line":56,"column":null}},"loc":{"start":{"line":57,"column":4},"end":{"line":60,"column":null}},"line":57},"4":{"name":"(anonymous_4)","decl":{"start":{"line":64,"column":24},"end":{"line":64,"column":36}},"loc":{"start":{"line":64,"column":36},"end":{"line":68,"column":null}},"line":64},"5":{"name":"(anonymous_5)","decl":{"start":{"line":65,"column":29},"end":{"line":65,"column":35}},"loc":{"start":{"line":65,"column":35},"end":{"line":67,"column":7}},"line":65},"6":{"name":"(anonymous_6)","decl":{"start":{"line":71,"column":23},"end":{"line":71,"column":35}},"loc":{"start":{"line":71,"column":35},"end":{"line":76,"column":null}},"line":71}},"branchMap":{"0":{"loc":{"start":{"line":29,"column":6},"end":{"line":31,"column":null}},"type":"if","locations":[{"start":{"line":29,"column":6},"end":{"line":31,"column":null}},{"start":{},"end":{}}],"line":29},"1":{"loc":{"start":{"line":35,"column":10},"end":{"line":35,"column":null}},"type":"binary-expr","locations":[{"start":{"line":35,"column":10},"end":{"line":35,"column":24}},{"start":{"line":35,"column":24},"end":{"line":35,"column":null}}],"line":35},"2":{"loc":{"start":{"line":36,"column":12},"end":{"line":36,"column":null}},"type":"binary-expr","locations":[{"start":{"line":36,"column":12},"end":{"line":36,"column":37}},{"start":{"line":36,"column":37},"end":{"line":36,"column":61}},{"start":{"line":36,"column":61},"end":{"line":36,"column":null}}],"line":36},"3":{"loc":{"start":{"line":37,"column":13},"end":{"line":37,"column":null}},"type":"binary-expr","locations":[{"start":{"line":37,"column":13},"end":{"line":37,"column":60}},{"start":{"line":37,"column":60},"end":{"line":37,"column":null}}],"line":37},"4":{"loc":{"start":{"line":38,"column":15},"end":{"line":38,"column":null}},"type":"binary-expr","locations":[{"start":{"line":38,"column":15},"end":{"line":38,"column":35}},{"start":{"line":38,"column":35},"end":{"line":38,"column":null}}],"line":38},"5":{"loc":{"start":{"line":39,"column":12},"end":{"line":39,"column":null}},"type":"binary-expr","locations":[{"start":{"line":39,"column":12},"end":{"line":39,"column":31}},{"start":{"line":39,"column":31},"end":{"line":39,"column":54}},{"start":{"line":39,"column":54},"end":{"line":39,"column":null}}],"line":39},"6":{"loc":{"start":{"line":40,"column":12},"end":{"line":40,"column":null}},"type":"binary-expr","locations":[{"start":{"line":40,"column":12},"end":{"line":40,"column":35}},{"start":{"line":40,"column":35},"end":{"line":40,"column":null}}],"line":40},"7":{"loc":{"start":{"line":47,"column":9},"end":{"line":47,"column":60}},"type":"binary-expr","locations":[{"start":{"line":47,"column":9},"end":{"line":47,"column":36}},{"start":{"line":47,"column":36},"end":{"line":47,"column":60}}],"line":47},"8":{"loc":{"start":{"line":58,"column":6},"end":{"line":58,"column":null}},"type":"cond-expr","locations":[{"start":{"line":58,"column":33},"end":{"line":58,"column":37}},{"start":{"line":58,"column":37},"end":{"line":58,"column":null}}],"line":58},"9":{"loc":{"start":{"line":59,"column":6},"end":{"line":59,"column":null}},"type":"cond-expr","locations":[{"start":{"line":59,"column":33},"end":{"line":59,"column":37}},{"start":{"line":59,"column":37},"end":{"line":59,"column":null}}],"line":59},"10":{"loc":{"start":{"line":66,"column":27},"end":{"line":66,"column":null}},"type":"cond-expr","locations":[{"start":{"line":66,"column":54},"end":{"line":66,"column":58}},{"start":{"line":66,"column":58},"end":{"line":66,"column":null}}],"line":66},"11":{"loc":{"start":{"line":72,"column":4},"end":{"line":75,"column":null}},"type":"if","locations":[{"start":{"line":72,"column":4},"end":{"line":75,"column":null}},{"start":{},"end":{}}],"line":72}},"s":{"0":1,"1":1,"2":7,"3":42,"4":7,"5":42,"6":42,"7":42,"8":42,"9":0,"10":42,"11":7,"12":42,"13":42,"14":7,"15":7,"16":7,"17":6,"18":7,"19":7,"20":0,"21":7,"22":0,"23":0,"24":0,"25":7,"26":7,"27":7},"f":{"0":7,"1":42,"2":42,"3":6,"4":7,"5":0,"6":0},"b":{"0":[42,0],"1":[42,0],"2":[42,0,0],"3":[42,0],"4":[42,21],"5":[42,0,0],"6":[42,0],"7":[7,42],"8":[5,1],"9":[5,1],"10":[0,0],"11":[0,0]},"meta":{"lastBranch":12,"lastFunction":7,"lastStatement":28,"seen":{"s:6:24:6:Infinity":0,"s:9:26:9:Infinity":1,"f:20:16:20:25":0,"s:22:26:22:Infinity":2,"f:22:55:22:60":1,"s:22:60:22:81":3,"s:25:28:44:Infinity":4,"f:25:47:25:48":2,"s:27:17:27:Infinity":5,"s:28:4:32:Infinity":6,"b:29:6:31:Infinity:undefined:undefined:undefined:undefined":0,"s:29:6:31:Infinity":7,"s:30:8:30:Infinity":8,"s:32:14:32:26":9,"s:34:4:43:Infinity":10,"b:35:10:35:24:35:24:35:Infinity":1,"b:36:12:36:37:36:37:36:61:36:61:36:Infinity":2,"b:37:13:37:60:37:60:37:Infinity":3,"b:38:15:38:35:38:35:38:Infinity":4,"b:39:12:39:31:39:31:39:54:39:54:39:Infinity":5,"b:40:12:40:35:40:35:40:Infinity":6,"s:47:2:50:Infinity":11,"b:47:9:47:36:47:36:47:60":7,"s:48:21:48:Infinity":12,"s:49:4:49:Infinity":13,"s:52:8:52:Infinity":14,"s:53:58:53:Infinity":15,"s:56:8:61:Infinity":16,"f:56:35:56:Infinity":3,"s:57:4:60:Infinity":17,"b:58:33:58:37:58:37:58:Infinity":8,"b:59:33:59:37:59:37:59:Infinity":9,"s:64:24:68:Infinity":18,"f:64:24:64:36":4,"s:65:4:67:Infinity":19,"f:65:29:65:35":5,"s:66:6:66:Infinity":20,"b:66:54:66:58:66:58:66:Infinity":10,"s:71:23:76:Infinity":21,"f:71:23:71:35":6,"b:72:4:75:Infinity:undefined:undefined:undefined:undefined":11,"s:72:4:75:Infinity":22,"s:73:6:73:Infinity":23,"s:74:6:74:Infinity":24,"s:78:2:78:Infinity":25,"s:79:2:79:Infinity":26,"s:81:2:84:Infinity":27}}}
,"C:\\git-clone\\saasbizzgemi\\utils\\helpers.ts": {"path":"C:\\git-clone\\saasbizzgemi\\utils\\helpers.ts","statementMap":{"0":{"start":{"line":19,"column":2},"end":{"line":19,"column":null}},"1":{"start":{"line":19,"column":41},"end":{"line":19,"column":null}},"2":{"start":{"line":20,"column":2},"end":{"line":20,"column":null}},"3":{"start":{"line":20,"column":31},"end":{"line":20,"column":null}},"4":{"start":{"line":21,"column":2},"end":{"line":21,"column":null}},"5":{"start":{"line":37,"column":2},"end":{"line":37,"column":null}},"6":{"start":{"line":37,"column":13},"end":{"line":37,"column":null}},"7":{"start":{"line":38,"column":2},"end":{"line":42,"column":null}},"8":{"start":{"line":58,"column":2},"end":{"line":62,"column":null}},"9":{"start":{"line":78,"column":2},"end":{"line":78,"column":null}},"10":{"start":{"line":78,"column":14},"end":{"line":78,"column":null}},"11":{"start":{"line":79,"column":14},"end":{"line":79,"column":null}},"12":{"start":{"line":80,"column":2},"end":{"line":80,"column":null}},"13":{"start":{"line":80,"column":18},"end":{"line":80,"column":null}},"14":{"start":{"line":81,"column":2},"end":{"line":81,"column":null}},"15":{"start":{"line":81,"column":19},"end":{"line":81,"column":null}},"16":{"start":{"line":82,"column":2},"end":{"line":82,"column":null}},"17":{"start":{"line":98,"column":2},"end":{"line":98,"column":null}},"18":{"start":{"line":98,"column":47},"end":{"line":98,"column":null}},"19":{"start":{"line":99,"column":2},"end":{"line":99,"column":null}},"20":{"start":{"line":99,"column":34},"end":{"line":99,"column":null}},"21":{"start":{"line":100,"column":2},"end":{"line":100,"column":null}},"22":{"start":{"line":117,"column":2},"end":{"line":117,"column":null}},"23":{"start":{"line":117,"column":41},"end":{"line":117,"column":null}},"24":{"start":{"line":118,"column":2},"end":{"line":120,"column":null}},"25":{"start":{"line":119,"column":4},"end":{"line":119,"column":null}},"26":{"start":{"line":122,"column":2},"end":{"line":125,"column":null}},"27":{"start":{"line":123,"column":16},"end":{"line":123,"column":null}},"28":{"start":{"line":124,"column":4},"end":{"line":124,"column":null}},"29":{"start":{"line":126,"column":2},"end":{"line":126,"column":null}},"30":{"start":{"line":143,"column":2},"end":{"line":143,"column":null}},"31":{"start":{"line":143,"column":47},"end":{"line":143,"column":null}},"32":{"start":{"line":147,"column":2},"end":{"line":154,"column":null}},"33":{"start":{"line":148,"column":4},"end":{"line":148,"column":null}},"34":{"start":{"line":151,"column":20},"end":{"line":151,"column":null}},"35":{"start":{"line":152,"column":4},"end":{"line":152,"column":null}},"36":{"start":{"line":153,"column":4},"end":{"line":153,"column":null}},"37":{"start":{"line":153,"column":20},"end":{"line":153,"column":null}},"38":{"start":{"line":156,"column":2},"end":{"line":156,"column":null}},"39":{"start":{"line":156,"column":17},"end":{"line":156,"column":null}},"40":{"start":{"line":157,"column":2},"end":{"line":157,"column":null}},"41":{"start":{"line":157,"column":15},"end":{"line":157,"column":null}},"42":{"start":{"line":158,"column":2},"end":{"line":158,"column":null}},"43":{"start":{"line":175,"column":2},"end":{"line":175,"column":null}},"44":{"start":{"line":175,"column":43},"end":{"line":175,"column":null}},"45":{"start":{"line":177,"column":18},"end":{"line":177,"column":null}},"46":{"start":{"line":178,"column":2},"end":{"line":178,"column":null}},"47":{"start":{"line":178,"column":22},"end":{"line":178,"column":null}},"48":{"start":{"line":180,"column":2},"end":{"line":180,"column":null}},"49":{"start":{"line":180,"column":35},"end":{"line":180,"column":null}},"50":{"start":{"line":182,"column":2},"end":{"line":182,"column":null}}},"fnMap":{"0":{"name":"parseRevenue","decl":{"start":{"line":18,"column":16},"end":{"line":18,"column":29}},"loc":{"start":{"line":18,"column":78},"end":{"line":22,"column":null}},"line":18},"1":{"name":"getFounderSlug","decl":{"start":{"line":36,"column":16},"end":{"line":36,"column":31}},"loc":{"start":{"line":36,"column":72},"end":{"line":43,"column":null}},"line":36},"2":{"name":"isValidFounder","decl":{"start":{"line":57,"column":16},"end":{"line":57,"column":31}},"loc":{"start":{"line":57,"column":80},"end":{"line":63,"column":null}},"line":57},"3":{"name":"formatFollowers","decl":{"start":{"line":77,"column":16},"end":{"line":77,"column":32}},"loc":{"start":{"line":77,"column":83},"end":{"line":83,"column":null}},"line":77},"4":{"name":"isValidGrowth","decl":{"start":{"line":97,"column":16},"end":{"line":97,"column":30}},"loc":{"start":{"line":97,"column":83},"end":{"line":101,"column":null}},"line":97},"5":{"name":"formatCurrency","decl":{"start":{"line":116,"column":16},"end":{"line":116,"column":31}},"loc":{"start":{"line":116,"column":80},"end":{"line":127,"column":null}},"line":116},"6":{"name":"formatGrowth","decl":{"start":{"line":142,"column":16},"end":{"line":142,"column":29}},"loc":{"start":{"line":142,"column":81},"end":{"line":159,"column":null}},"line":142},"7":{"name":"truncateText","decl":{"start":{"line":174,"column":16},"end":{"line":174,"column":29}},"loc":{"start":{"line":174,"column":89},"end":{"line":183,"column":null}},"line":174}},"branchMap":{"0":{"loc":{"start":{"line":19,"column":2},"end":{"line":19,"column":null}},"type":"if","locations":[{"start":{"line":19,"column":2},"end":{"line":19,"column":null}},{"start":{},"end":{}}],"line":19},"1":{"loc":{"start":{"line":19,"column":6},"end":{"line":19,"column":41}},"type":"binary-expr","locations":[{"start":{"line":19,"column":6},"end":{"line":19,"column":22}},{"start":{"line":19,"column":22},"end":{"line":19,"column":41}}],"line":19},"2":{"loc":{"start":{"line":20,"column":2},"end":{"line":20,"column":null}},"type":"if","locations":[{"start":{"line":20,"column":2},"end":{"line":20,"column":null}},{"start":{},"end":{}}],"line":20},"3":{"loc":{"start":{"line":37,"column":2},"end":{"line":37,"column":null}},"type":"if","locations":[{"start":{"line":37,"column":2},"end":{"line":37,"column":null}},{"start":{},"end":{}}],"line":37},"4":{"loc":{"start":{"line":59,"column":4},"end":{"line":61,"column":null}},"type":"binary-expr","locations":[{"start":{"line":59,"column":4},"end":{"line":59,"column":null}},{"start":{"line":60,"column":4},"end":{"line":60,"column":null}},{"start":{"line":61,"column":4},"end":{"line":61,"column":null}}],"line":59},"5":{"loc":{"start":{"line":78,"column":2},"end":{"line":78,"column":null}},"type":"if","locations":[{"start":{"line":78,"column":2},"end":{"line":78,"column":null}},{"start":{},"end":{}}],"line":78},"6":{"loc":{"start":{"line":80,"column":2},"end":{"line":80,"column":null}},"type":"if","locations":[{"start":{"line":80,"column":2},"end":{"line":80,"column":null}},{"start":{},"end":{}}],"line":80},"7":{"loc":{"start":{"line":81,"column":2},"end":{"line":81,"column":null}},"type":"if","locations":[{"start":{"line":81,"column":2},"end":{"line":81,"column":null}},{"start":{},"end":{}}],"line":81},"8":{"loc":{"start":{"line":98,"column":2},"end":{"line":98,"column":null}},"type":"if","locations":[{"start":{"line":98,"column":2},"end":{"line":98,"column":null}},{"start":{},"end":{}}],"line":98},"9":{"loc":{"start":{"line":98,"column":6},"end":{"line":98,"column":47}},"type":"binary-expr","locations":[{"start":{"line":98,"column":6},"end":{"line":98,"column":25}},{"start":{"line":98,"column":25},"end":{"line":98,"column":47}}],"line":98},"10":{"loc":{"start":{"line":99,"column":2},"end":{"line":99,"column":null}},"type":"if","locations":[{"start":{"line":99,"column":2},"end":{"line":99,"column":null}},{"start":{},"end":{}}],"line":99},"11":{"loc":{"start":{"line":117,"column":2},"end":{"line":117,"column":null}},"type":"if","locations":[{"start":{"line":117,"column":2},"end":{"line":117,"column":null}},{"start":{},"end":{}}],"line":117},"12":{"loc":{"start":{"line":117,"column":6},"end":{"line":117,"column":41}},"type":"binary-expr","locations":[{"start":{"line":117,"column":6},"end":{"line":117,"column":22}},{"start":{"line":117,"column":22},"end":{"line":117,"column":41}}],"line":117},"13":{"loc":{"start":{"line":118,"column":2},"end":{"line":120,"column":null}},"type":"if","locations":[{"start":{"line":118,"column":2},"end":{"line":120,"column":null}},{"start":{},"end":{}}],"line":118},"14":{"loc":{"start":{"line":122,"column":2},"end":{"line":125,"column":null}},"type":"if","locations":[{"start":{"line":122,"column":2},"end":{"line":125,"column":null}},{"start":{},"end":{}}],"line":122},"15":{"loc":{"start":{"line":143,"column":2},"end":{"line":143,"column":null}},"type":"if","locations":[{"start":{"line":143,"column":2},"end":{"line":143,"column":null}},{"start":{},"end":{}}],"line":143},"16":{"loc":{"start":{"line":143,"column":6},"end":{"line":143,"column":47}},"type":"binary-expr","locations":[{"start":{"line":143,"column":6},"end":{"line":143,"column":25}},{"start":{"line":143,"column":25},"end":{"line":143,"column":47}}],"line":143},"17":{"loc":{"start":{"line":147,"column":2},"end":{"line":154,"column":null}},"type":"if","locations":[{"start":{"line":147,"column":2},"end":{"line":154,"column":null}},{"start":{"line":149,"column":9},"end":{"line":154,"column":null}}],"line":147},"18":{"loc":{"start":{"line":153,"column":4},"end":{"line":153,"column":null}},"type":"if","locations":[{"start":{"line":153,"column":4},"end":{"line":153,"column":null}},{"start":{},"end":{}}],"line":153},"19":{"loc":{"start":{"line":156,"column":2},"end":{"line":156,"column":null}},"type":"if","locations":[{"start":{"line":156,"column":2},"end":{"line":156,"column":null}},{"start":{},"end":{}}],"line":156},"20":{"loc":{"start":{"line":157,"column":2},"end":{"line":157,"column":null}},"type":"if","locations":[{"start":{"line":157,"column":2},"end":{"line":157,"column":null}},{"start":{},"end":{}}],"line":157},"21":{"loc":{"start":{"line":175,"column":2},"end":{"line":175,"column":null}},"type":"if","locations":[{"start":{"line":175,"column":2},"end":{"line":175,"column":null}},{"start":{},"end":{}}],"line":175},"22":{"loc":{"start":{"line":175,"column":6},"end":{"line":175,"column":43}},"type":"binary-expr","locations":[{"start":{"line":175,"column":6},"end":{"line":175,"column":23}},{"start":{"line":175,"column":23},"end":{"line":175,"column":43}}],"line":175},"23":{"loc":{"start":{"line":178,"column":2},"end":{"line":178,"column":null}},"type":"if","locations":[{"start":{"line":178,"column":2},"end":{"line":178,"column":null}},{"start":{},"end":{}}],"line":178},"24":{"loc":{"start":{"line":180,"column":2},"end":{"line":180,"column":null}},"type":"if","locations":[{"start":{"line":180,"column":2},"end":{"line":180,"column":null}},{"start":{},"end":{}}],"line":180}},"s":{"0":9,"1":2,"2":7,"3":1,"4":6,"5":7,"6":3,"7":4,"8":7,"9":9,"10":2,"11":7,"12":7,"13":1,"14":6,"15":6,"16":2,"17":7,"18":2,"19":5,"20":3,"21":2,"22":8,"23":2,"24":6,"25":3,"26":3,"27":2,"28":2,"29":1,"30":8,"31":2,"32":6,"33":4,"34":2,"35":2,"36":2,"37":0,"38":6,"39":1,"40":5,"41":5,"42":2,"43":9,"44":2,"45":7,"46":7,"47":1,"48":6,"49":2,"50":4},"f":{"0":9,"1":7,"2":7,"3":9,"4":7,"5":8,"6":8,"7":9},"b":{"0":[2,7],"1":[9,8],"2":[1,6],"3":[3,4],"4":[7,4,3],"5":[2,7],"6":[1,6],"7":[4,2],"8":[2,5],"9":[7,6],"10":[3,2],"11":[2,6],"12":[8,7],"13":[3,3],"14":[2,1],"15":[2,6],"16":[8,7],"17":[4,2],"18":[0,2],"19":[1,5],"20":[3,2],"21":[2,7],"22":[9,8],"23":[1,6],"24":[2,4]},"meta":{"lastBranch":25,"lastFunction":8,"lastStatement":51,"seen":{"f:18:16:18:29":0,"b:19:2:19:Infinity:undefined:undefined:undefined:undefined":0,"s:19:2:19:Infinity":0,"b:19:6:19:22:19:22:19:41":1,"s:19:41:19:Infinity":1,"b:20:2:20:Infinity:undefined:undefined:undefined:undefined":2,"s:20:2:20:Infinity":2,"s:20:31:20:Infinity":3,"s:21:2:21:Infinity":4,"f:36:16:36:31":1,"b:37:2:37:Infinity:undefined:undefined:undefined:undefined":3,"s:37:2:37:Infinity":5,"s:37:13:37:Infinity":6,"s:38:2:42:Infinity":7,"f:57:16:57:31":2,"s:58:2:62:Infinity":8,"b:59:4:59:Infinity:60:4:60:Infinity:61:4:61:Infinity":4,"f:77:16:77:32":3,"b:78:2:78:Infinity:undefined:undefined:undefined:undefined":5,"s:78:2:78:Infinity":9,"s:78:14:78:Infinity":10,"s:79:14:79:Infinity":11,"b:80:2:80:Infinity:undefined:undefined:undefined:undefined":6,"s:80:2:80:Infinity":12,"s:80:18:80:Infinity":13,"b:81:2:81:Infinity:undefined:undefined:undefined:undefined":7,"s:81:2:81:Infinity":14,"s:81:19:81:Infinity":15,"s:82:2:82:Infinity":16,"f:97:16:97:30":4,"b:98:2:98:Infinity:undefined:undefined:undefined:undefined":8,"s:98:2:98:Infinity":17,"b:98:6:98:25:98:25:98:47":9,"s:98:47:98:Infinity":18,"b:99:2:99:Infinity:undefined:undefined:undefined:undefined":10,"s:99:2:99:Infinity":19,"s:99:34:99:Infinity":20,"s:100:2:100:Infinity":21,"f:116:16:116:31":5,"b:117:2:117:Infinity:undefined:undefined:undefined:undefined":11,"s:117:2:117:Infinity":22,"b:117:6:117:22:117:22:117:41":12,"s:117:41:117:Infinity":23,"b:118:2:120:Infinity:undefined:undefined:undefined:undefined":13,"s:118:2:120:Infinity":24,"s:119:4:119:Infinity":25,"b:122:2:125:Infinity:undefined:undefined:undefined:undefined":14,"s:122:2:125:Infinity":26,"s:123:16:123:Infinity":27,"s:124:4:124:Infinity":28,"s:126:2:126:Infinity":29,"f:142:16:142:29":6,"b:143:2:143:Infinity:undefined:undefined:undefined:undefined":15,"s:143:2:143:Infinity":30,"b:143:6:143:25:143:25:143:47":16,"s:143:47:143:Infinity":31,"b:147:2:154:Infinity:149:9:154:Infinity":17,"s:147:2:154:Infinity":32,"s:148:4:148:Infinity":33,"s:151:20:151:Infinity":34,"s:152:4:152:Infinity":35,"b:153:4:153:Infinity:undefined:undefined:undefined:undefined":18,"s:153:4:153:Infinity":36,"s:153:20:153:Infinity":37,"b:156:2:156:Infinity:undefined:undefined:undefined:undefined":19,"s:156:2:156:Infinity":38,"s:156:17:156:Infinity":39,"b:157:2:157:Infinity:undefined:undefined:undefined:undefined":20,"s:157:2:157:Infinity":40,"s:157:15:157:Infinity":41,"s:158:2:158:Infinity":42,"f:174:16:174:29":7,"b:175:2:175:Infinity:undefined:undefined:undefined:undefined":21,"s:175:2:175:Infinity":43,"b:175:6:175:23:175:23:175:43":22,"s:175:43:175:Infinity":44,"s:177:18:177:Infinity":45,"b:178:2:178:Infinity:undefined:undefined:undefined:undefined":23,"s:178:2:178:Infinity":46,"s:178:22:178:Infinity":47,"b:180:2:180:Infinity:undefined:undefined:undefined:undefined":24,"s:180:2:180:Infinity":48,"s:180:35:180:Infinity":49,"s:182:2:182:Infinity":50}}}
}
