{"C:\\git-clone\\saasbizzgemi\\composables\\useAds.ts": {"path":"C:\\git-clone\\saasbizzgemi\\composables\\useAds.ts","statementMap":{"0":{"start":{"line":5,"column":21},"end":{"line":5,"column":null}},"1":{"start":{"line":8,"column":26},"end":{"line":8,"column":null}},"2":{"start":{"line":26,"column":28},"end":{"line":32,"column":null}},"3":{"start":{"line":26,"column":66},"end":{"line":32,"column":4}},"4":{"start":{"line":34,"column":8},"end":{"line":34,"column":null}},"5":{"start":{"line":35,"column":58},"end":{"line":35,"column":null}},"6":{"start":{"line":38,"column":8},"end":{"line":43,"column":null}},"7":{"start":{"line":39,"column":4},"end":{"line":42,"column":null}},"8":{"start":{"line":46,"column":24},"end":{"line":50,"column":null}},"9":{"start":{"line":47,"column":4},"end":{"line":49,"column":null}},"10":{"start":{"line":48,"column":6},"end":{"line":48,"column":null}},"11":{"start":{"line":53,"column":23},"end":{"line":58,"column":null}},"12":{"start":{"line":54,"column":4},"end":{"line":57,"column":null}},"13":{"start":{"line":55,"column":6},"end":{"line":55,"column":null}},"14":{"start":{"line":56,"column":6},"end":{"line":56,"column":null}},"15":{"start":{"line":60,"column":2},"end":{"line":60,"column":null}},"16":{"start":{"line":61,"column":2},"end":{"line":61,"column":null}},"17":{"start":{"line":63,"column":2},"end":{"line":66,"column":null}}},"fnMap":{"0":{"name":"useAds","decl":{"start":{"line":24,"column":16},"end":{"line":24,"column":25}},"loc":{"start":{"line":24,"column":25},"end":{"line":67,"column":null}},"line":24},"1":{"name":"(anonymous_1)","decl":{"start":{"line":26,"column":55},"end":{"line":26,"column":56}},"loc":{"start":{"line":26,"column":66},"end":{"line":32,"column":4}},"line":26},"2":{"name":"(anonymous_2)","decl":{"start":{"line":38,"column":35},"end":{"line":38,"column":null}},"loc":{"start":{"line":39,"column":4},"end":{"line":42,"column":null}},"line":39},"3":{"name":"(anonymous_3)","decl":{"start":{"line":46,"column":24},"end":{"line":46,"column":36}},"loc":{"start":{"line":46,"column":36},"end":{"line":50,"column":null}},"line":46},"4":{"name":"(anonymous_4)","decl":{"start":{"line":47,"column":29},"end":{"line":47,"column":35}},"loc":{"start":{"line":47,"column":35},"end":{"line":49,"column":7}},"line":47},"5":{"name":"(anonymous_5)","decl":{"start":{"line":53,"column":23},"end":{"line":53,"column":35}},"loc":{"start":{"line":53,"column":35},"end":{"line":58,"column":null}},"line":53}},"branchMap":{"0":{"loc":{"start":{"line":40,"column":6},"end":{"line":40,"column":null}},"type":"cond-expr","locations":[{"start":{"line":40,"column":33},"end":{"line":40,"column":37}},{"start":{"line":40,"column":37},"end":{"line":40,"column":null}}],"line":40},"1":{"loc":{"start":{"line":41,"column":6},"end":{"line":41,"column":null}},"type":"cond-expr","locations":[{"start":{"line":41,"column":33},"end":{"line":41,"column":37}},{"start":{"line":41,"column":37},"end":{"line":41,"column":null}}],"line":41},"2":{"loc":{"start":{"line":48,"column":27},"end":{"line":48,"column":null}},"type":"cond-expr","locations":[{"start":{"line":48,"column":54},"end":{"line":48,"column":58}},{"start":{"line":48,"column":58},"end":{"line":48,"column":null}}],"line":48},"3":{"loc":{"start":{"line":54,"column":4},"end":{"line":57,"column":null}},"type":"if","locations":[{"start":{"line":54,"column":4},"end":{"line":57,"column":null}},{"start":{},"end":{}}],"line":54}},"s":{"0":1,"1":1,"2":7,"3":112,"4":7,"5":7,"6":7,"7":5,"8":7,"9":7,"10":0,"11":7,"12":0,"13":0,"14":0,"15":7,"16":7,"17":7},"f":{"0":7,"1":112,"2":5,"3":7,"4":0,"5":0},"b":{"0":[4,1],"1":[4,1],"2":[0,0],"3":[0,0]},"meta":{"lastBranch":4,"lastFunction":6,"lastStatement":18,"seen":{"s:5:21:5:Infinity":0,"s:8:26:8:Infinity":1,"f:24:16:24:25":0,"s:26:28:32:Infinity":2,"f:26:55:26:56":1,"s:26:66:32:4":3,"s:34:8:34:Infinity":4,"s:35:58:35:Infinity":5,"s:38:8:43:Infinity":6,"f:38:35:38:Infinity":2,"s:39:4:42:Infinity":7,"b:40:33:40:37:40:37:40:Infinity":0,"b:41:33:41:37:41:37:41:Infinity":1,"s:46:24:50:Infinity":8,"f:46:24:46:36":3,"s:47:4:49:Infinity":9,"f:47:29:47:35":4,"s:48:6:48:Infinity":10,"b:48:54:48:58:48:58:48:Infinity":2,"s:53:23:58:Infinity":11,"f:53:23:53:35":5,"b:54:4:57:Infinity:undefined:undefined:undefined:undefined":3,"s:54:4:57:Infinity":12,"s:55:6:55:Infinity":13,"s:56:6:56:Infinity":14,"s:60:2:60:Infinity":15,"s:61:2:61:Infinity":16,"s:63:2:66:Infinity":17}}}
,"C:\\git-clone\\saasbizzgemi\\utils\\helpers.ts": {"path":"C:\\git-clone\\saasbizzgemi\\utils\\helpers.ts","statementMap":{"0":{"start":{"line":19,"column":2},"end":{"line":19,"column":null}},"1":{"start":{"line":19,"column":41},"end":{"line":19,"column":null}},"2":{"start":{"line":20,"column":2},"end":{"line":20,"column":null}},"3":{"start":{"line":20,"column":31},"end":{"line":20,"column":null}},"4":{"start":{"line":21,"column":2},"end":{"line":21,"column":null}},"5":{"start":{"line":37,"column":2},"end":{"line":37,"column":null}},"6":{"start":{"line":37,"column":13},"end":{"line":37,"column":null}},"7":{"start":{"line":38,"column":2},"end":{"line":42,"column":null}},"8":{"start":{"line":58,"column":2},"end":{"line":62,"column":null}},"9":{"start":{"line":78,"column":2},"end":{"line":78,"column":null}},"10":{"start":{"line":78,"column":14},"end":{"line":78,"column":null}},"11":{"start":{"line":79,"column":14},"end":{"line":79,"column":null}},"12":{"start":{"line":80,"column":2},"end":{"line":80,"column":null}},"13":{"start":{"line":80,"column":18},"end":{"line":80,"column":null}},"14":{"start":{"line":81,"column":2},"end":{"line":81,"column":null}},"15":{"start":{"line":81,"column":19},"end":{"line":81,"column":null}},"16":{"start":{"line":82,"column":2},"end":{"line":82,"column":null}},"17":{"start":{"line":98,"column":2},"end":{"line":98,"column":null}},"18":{"start":{"line":98,"column":47},"end":{"line":98,"column":null}},"19":{"start":{"line":99,"column":2},"end":{"line":99,"column":null}},"20":{"start":{"line":99,"column":34},"end":{"line":99,"column":null}},"21":{"start":{"line":100,"column":2},"end":{"line":100,"column":null}},"22":{"start":{"line":117,"column":2},"end":{"line":117,"column":null}},"23":{"start":{"line":117,"column":41},"end":{"line":117,"column":null}},"24":{"start":{"line":118,"column":2},"end":{"line":120,"column":null}},"25":{"start":{"line":119,"column":4},"end":{"line":119,"column":null}},"26":{"start":{"line":122,"column":2},"end":{"line":125,"column":null}},"27":{"start":{"line":123,"column":16},"end":{"line":123,"column":null}},"28":{"start":{"line":124,"column":4},"end":{"line":124,"column":null}},"29":{"start":{"line":126,"column":2},"end":{"line":126,"column":null}},"30":{"start":{"line":143,"column":2},"end":{"line":143,"column":null}},"31":{"start":{"line":143,"column":47},"end":{"line":143,"column":null}},"32":{"start":{"line":147,"column":2},"end":{"line":154,"column":null}},"33":{"start":{"line":148,"column":4},"end":{"line":148,"column":null}},"34":{"start":{"line":151,"column":20},"end":{"line":151,"column":null}},"35":{"start":{"line":152,"column":4},"end":{"line":152,"column":null}},"36":{"start":{"line":153,"column":4},"end":{"line":153,"column":null}},"37":{"start":{"line":153,"column":20},"end":{"line":153,"column":null}},"38":{"start":{"line":156,"column":2},"end":{"line":156,"column":null}},"39":{"start":{"line":156,"column":17},"end":{"line":156,"column":null}},"40":{"start":{"line":157,"column":2},"end":{"line":157,"column":null}},"41":{"start":{"line":157,"column":15},"end":{"line":157,"column":null}},"42":{"start":{"line":158,"column":2},"end":{"line":158,"column":null}}},"fnMap":{"0":{"name":"parseRevenue","decl":{"start":{"line":18,"column":16},"end":{"line":18,"column":29}},"loc":{"start":{"line":18,"column":78},"end":{"line":22,"column":null}},"line":18},"1":{"name":"getFounderSlug","decl":{"start":{"line":36,"column":16},"end":{"line":36,"column":31}},"loc":{"start":{"line":36,"column":72},"end":{"line":43,"column":null}},"line":36},"2":{"name":"isValidFounder","decl":{"start":{"line":57,"column":16},"end":{"line":57,"column":31}},"loc":{"start":{"line":57,"column":80},"end":{"line":63,"column":null}},"line":57},"3":{"name":"formatFollowers","decl":{"start":{"line":77,"column":16},"end":{"line":77,"column":32}},"loc":{"start":{"line":77,"column":83},"end":{"line":83,"column":null}},"line":77},"4":{"name":"isValidGrowth","decl":{"start":{"line":97,"column":16},"end":{"line":97,"column":30}},"loc":{"start":{"line":97,"column":83},"end":{"line":101,"column":null}},"line":97},"5":{"name":"formatCurrency","decl":{"start":{"line":116,"column":16},"end":{"line":116,"column":31}},"loc":{"start":{"line":116,"column":80},"end":{"line":127,"column":null}},"line":116},"6":{"name":"formatGrowth","decl":{"start":{"line":142,"column":16},"end":{"line":142,"column":29}},"loc":{"start":{"line":142,"column":81},"end":{"line":159,"column":null}},"line":142}},"branchMap":{"0":{"loc":{"start":{"line":19,"column":2},"end":{"line":19,"column":null}},"type":"if","locations":[{"start":{"line":19,"column":2},"end":{"line":19,"column":null}},{"start":{},"end":{}}],"line":19},"1":{"loc":{"start":{"line":19,"column":6},"end":{"line":19,"column":41}},"type":"binary-expr","locations":[{"start":{"line":19,"column":6},"end":{"line":19,"column":22}},{"start":{"line":19,"column":22},"end":{"line":19,"column":41}}],"line":19},"2":{"loc":{"start":{"line":20,"column":2},"end":{"line":20,"column":null}},"type":"if","locations":[{"start":{"line":20,"column":2},"end":{"line":20,"column":null}},{"start":{},"end":{}}],"line":20},"3":{"loc":{"start":{"line":37,"column":2},"end":{"line":37,"column":null}},"type":"if","locations":[{"start":{"line":37,"column":2},"end":{"line":37,"column":null}},{"start":{},"end":{}}],"line":37},"4":{"loc":{"start":{"line":59,"column":4},"end":{"line":61,"column":null}},"type":"binary-expr","locations":[{"start":{"line":59,"column":4},"end":{"line":59,"column":null}},{"start":{"line":60,"column":4},"end":{"line":60,"column":null}},{"start":{"line":61,"column":4},"end":{"line":61,"column":null}}],"line":59},"5":{"loc":{"start":{"line":78,"column":2},"end":{"line":78,"column":null}},"type":"if","locations":[{"start":{"line":78,"column":2},"end":{"line":78,"column":null}},{"start":{},"end":{}}],"line":78},"6":{"loc":{"start":{"line":80,"column":2},"end":{"line":80,"column":null}},"type":"if","locations":[{"start":{"line":80,"column":2},"end":{"line":80,"column":null}},{"start":{},"end":{}}],"line":80},"7":{"loc":{"start":{"line":81,"column":2},"end":{"line":81,"column":null}},"type":"if","locations":[{"start":{"line":81,"column":2},"end":{"line":81,"column":null}},{"start":{},"end":{}}],"line":81},"8":{"loc":{"start":{"line":98,"column":2},"end":{"line":98,"column":null}},"type":"if","locations":[{"start":{"line":98,"column":2},"end":{"line":98,"column":null}},{"start":{},"end":{}}],"line":98},"9":{"loc":{"start":{"line":98,"column":6},"end":{"line":98,"column":47}},"type":"binary-expr","locations":[{"start":{"line":98,"column":6},"end":{"line":98,"column":25}},{"start":{"line":98,"column":25},"end":{"line":98,"column":47}}],"line":98},"10":{"loc":{"start":{"line":99,"column":2},"end":{"line":99,"column":null}},"type":"if","locations":[{"start":{"line":99,"column":2},"end":{"line":99,"column":null}},{"start":{},"end":{}}],"line":99},"11":{"loc":{"start":{"line":117,"column":2},"end":{"line":117,"column":null}},"type":"if","locations":[{"start":{"line":117,"column":2},"end":{"line":117,"column":null}},{"start":{},"end":{}}],"line":117},"12":{"loc":{"start":{"line":117,"column":6},"end":{"line":117,"column":41}},"type":"binary-expr","locations":[{"start":{"line":117,"column":6},"end":{"line":117,"column":22}},{"start":{"line":117,"column":22},"end":{"line":117,"column":41}}],"line":117},"13":{"loc":{"start":{"line":118,"column":2},"end":{"line":120,"column":null}},"type":"if","locations":[{"start":{"line":118,"column":2},"end":{"line":120,"column":null}},{"start":{},"end":{}}],"line":118},"14":{"loc":{"start":{"line":122,"column":2},"end":{"line":125,"column":null}},"type":"if","locations":[{"start":{"line":122,"column":2},"end":{"line":125,"column":null}},{"start":{},"end":{}}],"line":122},"15":{"loc":{"start":{"line":143,"column":2},"end":{"line":143,"column":null}},"type":"if","locations":[{"start":{"line":143,"column":2},"end":{"line":143,"column":null}},{"start":{},"end":{}}],"line":143},"16":{"loc":{"start":{"line":143,"column":6},"end":{"line":143,"column":47}},"type":"binary-expr","locations":[{"start":{"line":143,"column":6},"end":{"line":143,"column":25}},{"start":{"line":143,"column":25},"end":{"line":143,"column":47}}],"line":143},"17":{"loc":{"start":{"line":147,"column":2},"end":{"line":154,"column":null}},"type":"if","locations":[{"start":{"line":147,"column":2},"end":{"line":154,"column":null}},{"start":{"line":149,"column":9},"end":{"line":154,"column":null}}],"line":147},"18":{"loc":{"start":{"line":153,"column":4},"end":{"line":153,"column":null}},"type":"if","locations":[{"start":{"line":153,"column":4},"end":{"line":153,"column":null}},{"start":{},"end":{}}],"line":153},"19":{"loc":{"start":{"line":156,"column":2},"end":{"line":156,"column":null}},"type":"if","locations":[{"start":{"line":156,"column":2},"end":{"line":156,"column":null}},{"start":{},"end":{}}],"line":156},"20":{"loc":{"start":{"line":157,"column":2},"end":{"line":157,"column":null}},"type":"if","locations":[{"start":{"line":157,"column":2},"end":{"line":157,"column":null}},{"start":{},"end":{}}],"line":157}},"s":{"0":9,"1":2,"2":7,"3":1,"4":6,"5":7,"6":3,"7":4,"8":7,"9":8,"10":2,"11":6,"12":6,"13":0,"14":6,"15":6,"16":2,"17":7,"18":2,"19":5,"20":3,"21":2,"22":8,"23":2,"24":6,"25":3,"26":3,"27":2,"28":2,"29":1,"30":8,"31":2,"32":6,"33":4,"34":2,"35":2,"36":2,"37":0,"38":6,"39":1,"40":5,"41":5,"42":2},"f":{"0":9,"1":7,"2":7,"3":8,"4":7,"5":8,"6":8},"b":{"0":[2,7],"1":[9,8],"2":[1,6],"3":[3,4],"4":[7,4,3],"5":[2,6],"6":[0,6],"7":[4,2],"8":[2,5],"9":[7,6],"10":[3,2],"11":[2,6],"12":[8,7],"13":[3,3],"14":[2,1],"15":[2,6],"16":[8,7],"17":[4,2],"18":[0,2],"19":[1,5],"20":[3,2]},"meta":{"lastBranch":21,"lastFunction":7,"lastStatement":43,"seen":{"f:18:16:18:29":0,"b:19:2:19:Infinity:undefined:undefined:undefined:undefined":0,"s:19:2:19:Infinity":0,"b:19:6:19:22:19:22:19:41":1,"s:19:41:19:Infinity":1,"b:20:2:20:Infinity:undefined:undefined:undefined:undefined":2,"s:20:2:20:Infinity":2,"s:20:31:20:Infinity":3,"s:21:2:21:Infinity":4,"f:36:16:36:31":1,"b:37:2:37:Infinity:undefined:undefined:undefined:undefined":3,"s:37:2:37:Infinity":5,"s:37:13:37:Infinity":6,"s:38:2:42:Infinity":7,"f:57:16:57:31":2,"s:58:2:62:Infinity":8,"b:59:4:59:Infinity:60:4:60:Infinity:61:4:61:Infinity":4,"f:77:16:77:32":3,"b:78:2:78:Infinity:undefined:undefined:undefined:undefined":5,"s:78:2:78:Infinity":9,"s:78:14:78:Infinity":10,"s:79:14:79:Infinity":11,"b:80:2:80:Infinity:undefined:undefined:undefined:undefined":6,"s:80:2:80:Infinity":12,"s:80:18:80:Infinity":13,"b:81:2:81:Infinity:undefined:undefined:undefined:undefined":7,"s:81:2:81:Infinity":14,"s:81:19:81:Infinity":15,"s:82:2:82:Infinity":16,"f:97:16:97:30":4,"b:98:2:98:Infinity:undefined:undefined:undefined:undefined":8,"s:98:2:98:Infinity":17,"b:98:6:98:25:98:25:98:47":9,"s:98:47:98:Infinity":18,"b:99:2:99:Infinity:undefined:undefined:undefined:undefined":10,"s:99:2:99:Infinity":19,"s:99:34:99:Infinity":20,"s:100:2:100:Infinity":21,"f:116:16:116:31":5,"b:117:2:117:Infinity:undefined:undefined:undefined:undefined":11,"s:117:2:117:Infinity":22,"b:117:6:117:22:117:22:117:41":12,"s:117:41:117:Infinity":23,"b:118:2:120:Infinity:undefined:undefined:undefined:undefined":13,"s:118:2:120:Infinity":24,"s:119:4:119:Infinity":25,"b:122:2:125:Infinity:undefined:undefined:undefined:undefined":14,"s:122:2:125:Infinity":26,"s:123:16:123:Infinity":27,"s:124:4:124:Infinity":28,"s:126:2:126:Infinity":29,"f:142:16:142:29":6,"b:143:2:143:Infinity:undefined:undefined:undefined:undefined":15,"s:143:2:143:Infinity":30,"b:143:6:143:25:143:25:143:47":16,"s:143:47:143:Infinity":31,"b:147:2:154:Infinity:149:9:154:Infinity":17,"s:147:2:154:Infinity":32,"s:148:4:148:Infinity":33,"s:151:20:151:Infinity":34,"s:152:4:152:Infinity":35,"b:153:4:153:Infinity:undefined:undefined:undefined:undefined":18,"s:153:4:153:Infinity":36,"s:153:20:153:Infinity":37,"b:156:2:156:Infinity:undefined:undefined:undefined:undefined":19,"s:156:2:156:Infinity":38,"s:156:17:156:Infinity":39,"b:157:2:157:Infinity:undefined:undefined:undefined:undefined":20,"s:157:2:157:Infinity":40,"s:157:15:157:Infinity":41,"s:158:2:158:Infinity":42}}}
}
